[2019-02-04 18:33:36.191935]:[0x00007f68d5658740]:Trace: Parsing the config file...
[2019-02-04 18:33:36.195302]:[0x00007f68d5658740]:Trace: Done parsing!
[2019-02-04 18:33:36.196047]:[0x00007f68d5658740]:Trace: Server has been initialized
[2019-02-04 18:33:36.196440]:[0x00007f68d5658740]:Trace: Starting server on port: 8080
[2019-02-04 18:33:42.086819]:[0x00007f68d5658740]:Debug: Read handler 
[2019-02-04 18:33:42.087478]:[0x00007f68d5658740]:Trace: GET /static/data2.dat HTTP 1.1 Sender IP: 172.17.0.1
[2019-02-04 18:33:42.087922]:[0x00007f68d5658740]:Debug: Good Request
[2019-02-04 18:33:42.089461]:[0x00007f68d5658740]:Debug: Reply with status: 200
[2019-02-04 18:33:42.089880]:[0x00007f68d5658740]:Debug: write handler
[2019-02-04 18:33:45.841100]:[0x00007f68d5658740]:Debug: Read handler 
[2019-02-04 18:33:45.841655]:[0x00007f68d5658740]:Trace: GET /static/data1.dat HTTP 1.1 Sender IP: 172.17.0.1
[2019-02-04 18:33:45.842073]:[0x00007f68d5658740]:Debug: Good Request
[2019-02-04 18:33:45.843571]:[0x00007f68d5658740]:Debug: Reply with status: 200
[2019-02-04 18:33:45.844061]:[0x00007f68d5658740]:Debug: write handler
[2019-02-04 18:33:50.057863]:[0x00007f68d5658740]:Debug: Read handler 
[2019-02-04 18:33:50.058307]:[0x00007f68d5658740]:Trace: GET /static/index.html HTTP 1.1 Sender IP: 172.17.0.1
[2019-02-04 18:33:50.058629]:[0x00007f68d5658740]:Debug: Good Request
[2019-02-04 18:33:50.060549]:[0x00007f68d5658740]:Debug: Reply with status: 200
[2019-02-04 18:33:50.060901]:[0x00007f68d5658740]:Debug: write handler
[2019-02-04 18:33:51.207399]:[0x00007f68d5658740]:Debug: Read handler 
[2019-02-04 18:33:51.207862]:[0x00007f68d5658740]:Trace: GET /static/index.html HTTP 1.1 Sender IP: 172.17.0.1
[2019-02-04 18:33:51.208150]:[0x00007f68d5658740]:Debug: Good Request
[2019-02-04 18:33:51.209081]:[0x00007f68d5658740]:Debug: Reply with status: 200
[2019-02-04 18:33:51.209421]:[0x00007f68d5658740]:Debug: write handler
[2019-02-04 18:33:52.202175]:[0x00007f68d5658740]:Debug: Read handler 
[2019-02-04 18:33:52.202937]:[0x00007f68d5658740]:Trace: GET /static/index.html HTTP 1.1 Sender IP: 172.17.0.1
[2019-02-04 18:33:52.203577]:[0x00007f68d5658740]:Debug: Good Request
[2019-02-04 18:33:52.205146]:[0x00007f68d5658740]:Debug: Reply with status: 200
[2019-02-04 18:33:52.205526]:[0x00007f68d5658740]:Debug: write handler
[2019-02-04 18:33:59.418697]:[0x00007f68d5658740]:Debug: Read handler 
[2019-02-04 18:33:59.419271]:[0x00007f68d5658740]:Trace: GET /static/index.html HTTP 1.1 Sender IP: 127.0.0.1
[2019-02-04 18:33:59.419685]:[0x00007f68d5658740]:Debug: Good Request
[2019-02-04 18:33:59.420782]:[0x00007f68d5658740]:Debug: Reply with status: 200
[2019-02-04 18:33:59.421205]:[0x00007f68d5658740]:Debug: write handler
[2019-02-04 18:34:02.150680]:[0x00007f68d5658740]:Warning: Shutting down the server...
