[2019-03-07 06:45:33.501782]:[0x00007f9661af0740]:Trace: Parsing the config file ...
[2019-03-07 06:45:33.505830]:[0x00007f9661af0740]:Trace: Parsing success
[2019-03-07 06:45:33.506523]:[0x00007f9661af0740]:Trace: Server has been initialized
[2019-03-07 06:45:33.506947]:[0x00007f9661af0740]:Trace: Starting server on port: 8080
[2019-03-07 06:45:33.507639]:[0x00007f9661af0740]:Trace: Start working thread 0
[2019-03-07 06:45:33.508285]:[0x00007f9661af0740]:Trace: Start working thread 1
[2019-03-07 06:45:33.508957]:[0x00007f9661af0740]:Trace: Start working thread 2
[2019-03-07 06:45:33.509606]:[0x00007f9661af0740]:Trace: Start working thread 3
[2019-03-07 06:45:34.178565]:[0x00007f9660782700]:Debug: Read handler
[2019-03-07 06:45:34.179236]:[0x00007f965ff81700]:Trace: GET /meme/all?q=a HTTP 1.1 Sender IP: 172.17.0.1
[2019-03-07 06:45:34.179825]:[0x00007f965ff81700]:Debug: Good Request
[2019-03-07 06:45:34.183440]:[0x00007f965ff81700]:Debug: Reply with status: 200
[2019-03-07 06:45:34.183896]:[0x00007f965ff81700]:Debug: write handler
[2019-03-07 06:45:34.194012]:[0x00007f9660782700]:Debug: Read handler
[2019-03-07 06:45:34.195265]:[0x00007f965ef7f700]:Trace: GET /favicon.ico HTTP 1.1 Sender IP: 172.17.0.1
[2019-03-07 06:45:34.196699]:[0x00007f965ef7f700]:Debug: Good Request
[2019-03-07 06:45:34.198114]:[0x00007f965ef7f700]:Debug: Reply with status: 404
[2019-03-07 06:45:34.199909]:[0x00007f965ef7f700]:Debug: write handler
[2019-03-07 06:45:37.537957]:[0x00007f965f780700]:Debug: Read handler
[2019-03-07 06:45:37.538751]:[0x00007f965ff81700]:Trace: GET /meme/all?q=a HTTP 1.1 Sender IP: 172.17.0.1
[2019-03-07 06:45:37.539298]:[0x00007f965ff81700]:Debug: Good Request
[2019-03-07 06:45:37.542945]:[0x00007f965ff81700]:Debug: Reply with status: 200
[2019-03-07 06:45:37.543462]:[0x00007f965ff81700]:Debug: write handler
[2019-03-07 06:45:37.621283]:[0x00007f9660782700]:Debug: Read handler
[2019-03-07 06:45:37.621818]:[0x00007f965ef7f700]:Trace: GET /meme/all?q=b HTTP 1.1 Sender IP: 172.17.0.1
[2019-03-07 06:45:37.622371]:[0x00007f965ef7f700]:Debug: Good Request
[2019-03-07 06:45:37.626036]:[0x00007f965ef7f700]:Debug: Reply with status: 200
[2019-03-07 06:45:37.626690]:[0x00007f965ef7f700]:Debug: write handler
[2019-03-07 06:45:37.647469]:[0x00007f965f780700]:Debug: Read handler
[2019-03-07 06:45:37.648383]:[0x00007f965ff81700]:Trace: GET /favicon.ico HTTP 1.1 Sender IP: 172.17.0.1
[2019-03-07 06:45:37.649160]:[0x00007f965ff81700]:Debug: Good Request
[2019-03-07 06:45:37.649809]:[0x00007f965ff81700]:Debug: Reply with status: 404
[2019-03-07 06:45:37.650571]:[0x00007f965ff81700]:Debug: write handler
[2019-03-07 06:45:39.029254]:[0x00007f9660782700]:Debug: Read handler
[2019-03-07 06:45:39.029836]:[0x00007f965ef7f700]:Trace: GET /meme/all?q=b HTTP 1.1 Sender IP: 172.17.0.1
[2019-03-07 06:45:39.030333]:[0x00007f965ef7f700]:Debug: Good Request
[2019-03-07 06:45:39.033410]:[0x00007f965ef7f700]:Debug: Reply with status: 200
[2019-03-07 06:45:39.033869]:[0x00007f965ef7f700]:Debug: write handler
[2019-03-07 06:45:39.453581]:[0x00007f9660782700]:Debug: Read handler
[2019-03-07 06:45:39.456624]:[0x00007f965ff81700]:Trace: GET /meme/all HTTP 1.1 Sender IP: 172.17.0.1
[2019-03-07 06:45:39.457306]:[0x00007f965ff81700]:Debug: Good Request
[2019-03-07 06:45:39.460794]:[0x00007f965ff81700]:Debug: Reply with status: 200
[2019-03-07 06:45:39.461365]:[0x00007f965ff81700]:Debug: write handler
[2019-03-07 06:45:42.462971]:[0x00007f965f780700]:Debug: Read handler
[2019-03-07 06:45:42.465789]:[0x00007f965ef7f700]:Trace: GET /meme/all HTTP 1.1 Sender IP: 172.17.0.1
[2019-03-07 06:45:42.466199]:[0x00007f965ef7f700]:Debug: Good Request
[2019-03-07 06:45:42.469524]:[0x00007f965ef7f700]:Debug: Reply with status: 200
[2019-03-07 06:45:42.470062]:[0x00007f965ef7f700]:Debug: write handler
[2019-03-07 06:45:42.778055]:[0x00007f965f780700]:Debug: Read handler
[2019-03-07 06:45:42.780360]:[0x00007f965ff81700]:Trace: GET /meme/create?image=simply.jpg&top=Jonny&bottom=Kong HTTP 1.1 Sender IP: 172.17.0.1
[2019-03-07 06:45:42.780912]:[0x00007f965ff81700]:Debug: Good Request
[2019-03-07 06:45:42.783566]:[0x00007f965ff81700]:Debug: Reply with status: 400
[2019-03-07 06:45:42.783984]:[0x00007f965ff81700]:Debug: write handler
[2019-03-07 06:45:43.498227]:[0x00007f965f780700]:Debug: Read handler
[2019-03-07 06:45:43.500319]:[0x00007f9660782700]:Trace: GET /meme/jonny HTTP 1.1 Sender IP: 172.17.0.1
[2019-03-07 06:45:43.500784]:[0x00007f9660782700]:Debug: Good Request
[2019-03-07 06:45:43.501297]:[0x00007f9660782700]:Debug: Reply with status: 404
[2019-03-07 06:45:43.501932]:[0x00007f9660782700]:Debug: write handler
[2019-03-07 06:45:43.524433]:[0x00007f965ef7f700]:Debug: Read handler
[2019-03-07 06:45:43.526580]:[0x00007f965ff81700]:Trace: GET /favicon.ico HTTP 1.1 Sender IP: 172.17.0.1
[2019-03-07 06:45:43.527344]:[0x00007f965ff81700]:Debug: Good Request
[2019-03-07 06:45:43.528260]:[0x00007f965ff81700]:Debug: Reply with status: 404
[2019-03-07 06:45:43.529291]:[0x00007f965ff81700]:Debug: write handler
[2019-03-07 06:45:46.718011]:[0x00007f965f780700]:Debug: Read handler
[2019-03-07 06:45:46.719052]:[0x00007f9660782700]:Trace: GET /meme/q=jonny HTTP 1.1 Sender IP: 172.17.0.1
[2019-03-07 06:45:46.719866]:[0x00007f9660782700]:Debug: Good Request
[2019-03-07 06:45:46.720677]:[0x00007f9660782700]:Debug: Reply with status: 404
[2019-03-07 06:45:46.721356]:[0x00007f9660782700]:Debug: write handler
[2019-03-07 06:45:46.742937]:[0x00007f965ef7f700]:Debug: Read handler
[2019-03-07 06:45:46.743963]:[0x00007f965ff81700]:Trace: GET /favicon.ico HTTP 1.1 Sender IP: 172.17.0.1
[2019-03-07 06:45:46.744776]:[0x00007f965ff81700]:Debug: Good Request
[2019-03-07 06:45:46.745436]:[0x00007f965ff81700]:Debug: Reply with status: 404
[2019-03-07 06:45:46.746156]:[0x00007f965ff81700]:Debug: write handler
[2019-03-07 06:45:51.698398]:[0x00007f965f780700]:Debug: Read handler
[2019-03-07 06:45:51.699260]:[0x00007f9660782700]:Trace: GET /meme/all?q=jonny HTTP 1.1 Sender IP: 172.17.0.1
[2019-03-07 06:45:51.700010]:[0x00007f9660782700]:Debug: Good Request
[2019-03-07 06:45:51.703934]:[0x00007f9660782700]:Debug: Reply with status: 200
[2019-03-07 06:45:51.704581]:[0x00007f9660782700]:Debug: write handler
[2019-03-07 06:45:51.721944]:[0x00007f965ef7f700]:Debug: Read handler
[2019-03-07 06:45:51.722852]:[0x00007f965ff81700]:Trace: GET /favicon.ico HTTP 1.1 Sender IP: 172.17.0.1
[2019-03-07 06:45:51.723677]:[0x00007f965ff81700]:Debug: Good Request
[2019-03-07 06:45:51.724713]:[0x00007f965ff81700]:Debug: Reply with status: 404
[2019-03-07 06:45:51.725557]:[0x00007f965ff81700]:Debug: write handler
